TN:
SF:src/helpers/utils.ts
FN:3,generateXML
FN:31,getRelativePath
FNF:2
FNH:2
FNDA:4,generateXML
FNDA:5,getRelativePath
DA:4,4
DA:6,4
DA:7,3
DA:9,3
DA:10,6
DA:12,6
DA:13,1
DA:14,5
DA:15,1
DA:16,4
DA:17,1
DA:20,6
DA:23,3
DA:26,4
DA:28,4
DA:32,5
DA:33,5
DA:34,5
DA:37,2
LF:19
LH:19
BRDA:12,0,0,1
BRDA:12,0,1,5
BRDA:14,1,0,1
BRDA:14,1,1,4
BRDA:16,2,0,1
BRF:5
BRH:5
end_of_record
TN:
SF:src/lib/SonarReporter.ts
FN:10,(anonymous_6)
FN:15,(anonymous_7)
FN:17,(anonymous_8)
FN:25,(anonymous_9)
FNF:4
FNH:4
FNDA:4,(anonymous_6)
FNDA:1,(anonymous_7)
FNDA:3,(anonymous_8)
FNDA:3,(anonymous_9)
DA:1,1
DA:4,1
DA:6,1
DA:7,4
DA:11,4
DA:12,4
DA:16,1
DA:17,3
DA:22,1
DA:26,3
LF:10
LH:10
BRDA:12,0,0,4
BRDA:12,0,1,3
BRDA:12,1,0,3
BRDA:12,1,1,1
BRDA:12,2,0,4
BRDA:12,2,1,4
BRDA:19,3,0,3
BRDA:19,3,1,1
BRF:8
BRH:8
end_of_record
