TN:
SF:src/helpers/utils.ts
FN:5,generateXML
FN:38,getRelativePath
FN:44,createFile
FNF:3
FNH:3
FNDA:4,generateXML
FNDA:5,getRelativePath
FNDA:5,createFile
DA:1,2
DA:2,2
DA:6,4
DA:8,4
DA:9,3
DA:11,3
DA:12,7
DA:13,7
DA:15,7
DA:19,7
DA:20,1
DA:21,6
DA:22,2
DA:23,4
DA:24,1
DA:27,7
DA:30,3
DA:33,4
DA:35,4
DA:39,5
DA:40,5
DA:41,5
DA:45,5
DA:48,5
DA:49,4
DA:52,5
DA:53,5
DA:55,1
DA:59,2
LF:29
LH:29
BRDA:13,0,0,1
BRDA:13,0,1,6
BRDA:13,1,0,7
BRDA:13,1,1,7
BRDA:13,2,0,6
BRDA:13,2,1,1
BRDA:13,3,0,7
BRDA:13,3,1,7
BRDA:16,4,0,3
BRDA:16,4,1,4
BRDA:19,5,0,1
BRDA:19,5,1,6
BRDA:19,6,0,7
BRDA:19,6,1,6
BRDA:21,7,0,2
BRDA:21,7,1,4
BRDA:23,8,0,1
BRDA:27,9,0,4
BRDA:48,10,0,4
BRF:19
BRH:19
end_of_record
TN:
SF:src/lib/SonarReporter.ts
FN:9,(anonymous_0)
FN:14,(anonymous_1)
FN:16,(anonymous_2)
FN:25,(anonymous_3)
FNF:4
FNH:4
FNDA:4,(anonymous_0)
FNDA:1,(anonymous_1)
FNDA:3,(anonymous_2)
FNDA:3,(anonymous_3)
DA:3,1
DA:5,1
DA:6,4
DA:10,4
DA:11,4
DA:15,1
DA:16,3
DA:22,1
DA:26,3
LF:9
LH:9
BRDA:11,0,0,1
BRDA:11,0,1,3
BRDA:11,1,0,4
BRDA:11,1,1,4
BRDA:11,2,0,3
BRDA:11,2,1,1
BRDA:11,3,0,4
BRDA:11,3,1,4
BRDA:18,4,0,2
BRDA:18,4,1,1
BRDA:18,5,0,3
BRDA:18,5,1,3
BRF:12
BRH:12
end_of_record
